[  5%] Built target msgproto
[ 16%] Built target GazeboCoSimTransport
[ 17%] [32mBuilding CXX object src/gazeboserver/CMakeFiles/GazeboCoSimServer.dir/GazeboWorldImpl.cpp.o[0m
[ 19%] [32mBuilding CXX object src/gazeboserver/CMakeFiles/GazeboCoSimServer.dir/gazeboapply/GazeboApplyCommander.cpp.o[0m
[ 21%] [32mBuilding CXX object src/gazeboserver/CMakeFiles/GazeboCoSimServer.dir/gazebomlsupport/GazeboMLUtils.cpp.o[0m
[ 23%] [32mBuilding CXX object src/gazeboserver/CMakeFiles/GazeboCoSimServer.dir/gazebomsghandler/ApplyJointTorqueMsgHandler.cpp.o[0m
[ 25%] [32mBuilding CXX object src/gazeboserver/CMakeFiles/GazeboCoSimServer.dir/gazebomsghandler/ApplyLinkWrenchMsgHandler.cpp.o[0m
[ 26%] [32mBuilding CXX object src/gazeboserver/CMakeFiles/GazeboCoSimServer.dir/gazebomsghandler/GetGazeboModelParamMsgHandler.cpp.o[0m
[ 28%] [32mBuilding CXX object src/gazeboserver/CMakeFiles/GazeboCoSimServer.dir/gazebomsghandler/GetGazeboModelSDFMsgHandler.cpp.o[0m
[ 30%] [32mBuilding CXX object src/gazeboserver/CMakeFiles/GazeboCoSimServer.dir/gazebomsghandler/GetImageMsgHandler.cpp.o[0m
[ 32%] [32mBuilding CXX object src/gazeboserver/CMakeFiles/GazeboCoSimServer.dir/gazebomsghandler/GetImuMsgHandler.cpp.o[0m
[ 33%] [32mBuilding CXX object src/gazeboserver/CMakeFiles/GazeboCoSimServer.dir/gazebomsghandler/GetJointStateMsgHandler.cpp.o[0m
[ 35%] [32mBuilding CXX object src/gazeboserver/CMakeFiles/GazeboCoSimServer.dir/gazebomsghandler/GetLaserMsgHandler.cpp.o[0m
[ 37%] [32mBuilding CXX object src/gazeboserver/CMakeFiles/GazeboCoSimServer.dir/gazebomsghandler/GetLinkStateMsgHandler.cpp.o[0m
[ 39%] [32mBuilding CXX object src/gazeboserver/CMakeFiles/GazeboCoSimServer.dir/gazebomsghandler/GetModelInfoMsgHandler.cpp.o[0m
[ 41%] [32mBuilding CXX object src/gazeboserver/CMakeFiles/GazeboCoSimServer.dir/gazebomsghandler/GetPoseMsgHandler.cpp.o[0m
[ 42%] [32mBuilding CXX object src/gazeboserver/CMakeFiles/GazeboCoSimServer.dir/gazebomsghandler/GetTopicListMsgHandler.cpp.o[0m
[ 44%] [32mBuilding CXX object src/gazeboserver/CMakeFiles/GazeboCoSimServer.dir/gazebomsghandler/MaxSimulationStepMsgHandler.cpp.o[0m
[ 46%] [32mBuilding CXX object src/gazeboserver/CMakeFiles/GazeboCoSimServer.dir/gazebomsghandler/ResetSimulationMsgHandler.cpp.o[0m
[ 48%] [32mBuilding CXX object src/gazeboserver/CMakeFiles/GazeboCoSimServer.dir/gazebomsghandler/SetGazeboModelParamMsgHandler.cpp.o[0m
[ 50%] [32mBuilding CXX object src/gazeboserver/CMakeFiles/GazeboCoSimServer.dir/gazebomsghandler/SetJointPositionMsgHandler.cpp.o[0m
[ 51%] [32mBuilding CXX object src/gazeboserver/CMakeFiles/GazeboCoSimServer.dir/gazebomsghandler/SetJointVelocityMsgHandler.cpp.o[0m
[ 53%] [32mBuilding CXX object src/gazeboserver/CMakeFiles/GazeboCoSimServer.dir/gazebomsghandler/SetLinkAngularVelocityMsgHandler.cpp.o[0m
[ 55%] [32mBuilding CXX object src/gazeboserver/CMakeFiles/GazeboCoSimServer.dir/gazebomsghandler/SetLinkLinearVelocityMsgHandler.cpp.o[0m
[ 57%] [32mBuilding CXX object src/gazeboserver/CMakeFiles/GazeboCoSimServer.dir/gazebomsghandler/SetLinkWorldPoseMsgHandler.cpp.o[0m
[ 58%] [32mBuilding CXX object src/gazeboserver/CMakeFiles/GazeboCoSimServer.dir/gazebomsghandler/StepSimulationMsgHandler.cpp.o[0m
[ 60%] [32mBuilding CXX object src/gazeboserver/CMakeFiles/GazeboCoSimServer.dir/gazebomsghandler/SubscribeImageMsgHandler.cpp.o[0m
[ 62%] [32mBuilding CXX object src/gazeboserver/CMakeFiles/GazeboCoSimServer.dir/gazebomsghandler/SubscribeImuMsgHandler.cpp.o[0m
[ 64%] [32mBuilding CXX object src/gazeboserver/CMakeFiles/GazeboCoSimServer.dir/gazebomsghandler/SubscribeLaserMsgHandler.cpp.o[0m
[ 66%] [32mBuilding CXX object src/gazeboserver/CMakeFiles/GazeboCoSimServer.dir/gazebomsghandler/SubscribeMsgHandler.cpp.o[0m
[ 67%] [32mBuilding CXX object src/gazeboserver/CMakeFiles/GazeboCoSimServer.dir/gazebosensors/GazeboCameraSensor.cpp.o[0m
[ 69%] [32mBuilding CXX object src/gazeboserver/CMakeFiles/GazeboCoSimServer.dir/gazebosensors/GazeboIMUSensor.cpp.o[0m
[ 71%] [32mBuilding CXX object src/gazeboserver/CMakeFiles/GazeboCoSimServer.dir/gazebosensors/GazeboLaserSensor.cpp.o[0m
[ 73%] [32mBuilding CXX object src/gazeboserver/CMakeFiles/GazeboCoSimServer.dir/gazebosensors/GazeboSensorSubscriber.cpp.o[0m
[ 75%] [32mBuilding CXX object src/gazeboserver/CMakeFiles/GazeboCoSimServer.dir/gazebosensors/SensorContainer.cpp.o[0m
[ 76%] [32m[1mLinking CXX shared library ../../../../export/lib/libGazeboCoSimServer.so[0m
[ 85%] Built target GazeboCoSimServer
[ 87%] [32m[1mLinking CXX shared library ../../../../export/lib/libGazeboCoSimCustom.so[0m
[ 96%] Built target GazeboCoSimCustom
[ 98%] [32mBuilding CXX object src/gazeboplugin/CMakeFiles/GazeboCoSimPlugin.dir/GazeboPlugin.cpp.o[0m
[100%] [32m[1mLinking CXX shared library ../../../../export/lib/libGazeboCoSimPlugin.so[0m
[100%] Built target GazeboCoSimPlugin
-- Install configuration: ""
