[0.009s] Invoking command in '/home/acer/Desktop/Projects/matlab/gzmtsim/GazeboPlugin/build/gazebo_plugin_for_simulink': /usr/bin/cmake --build /home/acer/Desktop/Projects/matlab/gzmtsim/GazeboPlugin/build/gazebo_plugin_for_simulink
[0.078s] [  5%] Built target msgproto
[0.140s] [ 16%] Built target GazeboCoSimTransport
[0.176s] [ 17%] [32mBuilding CXX object src/gazeboserver/CMakeFiles/GazeboCoSimServer.dir/GazeboWorldImpl.cpp.o[0m
[7.164s] [ 19%] [32mBuilding CXX object src/gazeboserver/CMakeFiles/GazeboCoSimServer.dir/gazeboapply/GazeboApplyCommander.cpp.o[0m
[16.507s] [ 21%] [32mBuilding CXX object src/gazeboserver/CMakeFiles/GazeboCoSimServer.dir/gazebomlsupport/GazeboMLUtils.cpp.o[0m
[25.395s] [ 23%] [32mBuilding CXX object src/gazeboserver/CMakeFiles/GazeboCoSimServer.dir/gazebomsghandler/ApplyJointTorqueMsgHandler.cpp.o[0m
[34.375s] [ 25%] [32mBuilding CXX object src/gazeboserver/CMakeFiles/GazeboCoSimServer.dir/gazebomsghandler/ApplyLinkWrenchMsgHandler.cpp.o[0m
[43.387s] [ 26%] [32mBuilding CXX object src/gazeboserver/CMakeFiles/GazeboCoSimServer.dir/gazebomsghandler/GetGazeboModelParamMsgHandler.cpp.o[0m
[52.476s] [ 28%] [32mBuilding CXX object src/gazeboserver/CMakeFiles/GazeboCoSimServer.dir/gazebomsghandler/GetGazeboModelSDFMsgHandler.cpp.o[0m
[61.467s] [ 30%] [32mBuilding CXX object src/gazeboserver/CMakeFiles/GazeboCoSimServer.dir/gazebomsghandler/GetImageMsgHandler.cpp.o[0m
[67.728s] [ 32%] [32mBuilding CXX object src/gazeboserver/CMakeFiles/GazeboCoSimServer.dir/gazebomsghandler/GetImuMsgHandler.cpp.o[0m
[73.974s] [ 33%] [32mBuilding CXX object src/gazeboserver/CMakeFiles/GazeboCoSimServer.dir/gazebomsghandler/GetJointStateMsgHandler.cpp.o[0m
[83.024s] [ 35%] [32mBuilding CXX object src/gazeboserver/CMakeFiles/GazeboCoSimServer.dir/gazebomsghandler/GetLaserMsgHandler.cpp.o[0m
[89.303s] [ 37%] [32mBuilding CXX object src/gazeboserver/CMakeFiles/GazeboCoSimServer.dir/gazebomsghandler/GetLinkStateMsgHandler.cpp.o[0m
[98.354s] [ 39%] [32mBuilding CXX object src/gazeboserver/CMakeFiles/GazeboCoSimServer.dir/gazebomsghandler/GetModelInfoMsgHandler.cpp.o[0m
[107.379s] [ 41%] [32mBuilding CXX object src/gazeboserver/CMakeFiles/GazeboCoSimServer.dir/gazebomsghandler/GetPoseMsgHandler.cpp.o[0m
[116.298s] [ 42%] [32mBuilding CXX object src/gazeboserver/CMakeFiles/GazeboCoSimServer.dir/gazebomsghandler/GetTopicListMsgHandler.cpp.o[0m
[124.887s] [ 44%] [32mBuilding CXX object src/gazeboserver/CMakeFiles/GazeboCoSimServer.dir/gazebomsghandler/MaxSimulationStepMsgHandler.cpp.o[0m
[134.388s] [ 46%] [32mBuilding CXX object src/gazeboserver/CMakeFiles/GazeboCoSimServer.dir/gazebomsghandler/ResetSimulationMsgHandler.cpp.o[0m
[135.304s] [ 48%] [32mBuilding CXX object src/gazeboserver/CMakeFiles/GazeboCoSimServer.dir/gazebomsghandler/SetGazeboModelParamMsgHandler.cpp.o[0m
[144.785s] [ 50%] [32mBuilding CXX object src/gazeboserver/CMakeFiles/GazeboCoSimServer.dir/gazebomsghandler/SetJointPositionMsgHandler.cpp.o[0m
[155.170s] [ 51%] [32mBuilding CXX object src/gazeboserver/CMakeFiles/GazeboCoSimServer.dir/gazebomsghandler/SetJointVelocityMsgHandler.cpp.o[0m
[166.126s] [ 53%] [32mBuilding CXX object src/gazeboserver/CMakeFiles/GazeboCoSimServer.dir/gazebomsghandler/SetLinkAngularVelocityMsgHandler.cpp.o[0m
[175.685s] [ 55%] [32mBuilding CXX object src/gazeboserver/CMakeFiles/GazeboCoSimServer.dir/gazebomsghandler/SetLinkLinearVelocityMsgHandler.cpp.o[0m
[185.854s] [ 57%] [32mBuilding CXX object src/gazeboserver/CMakeFiles/GazeboCoSimServer.dir/gazebomsghandler/SetLinkWorldPoseMsgHandler.cpp.o[0m
[194.964s] [ 58%] [32mBuilding CXX object src/gazeboserver/CMakeFiles/GazeboCoSimServer.dir/gazebomsghandler/StepSimulationMsgHandler.cpp.o[0m
[195.757s] [ 60%] [32mBuilding CXX object src/gazeboserver/CMakeFiles/GazeboCoSimServer.dir/gazebomsghandler/SubscribeImageMsgHandler.cpp.o[0m
[202.131s] [ 62%] [32mBuilding CXX object src/gazeboserver/CMakeFiles/GazeboCoSimServer.dir/gazebomsghandler/SubscribeImuMsgHandler.cpp.o[0m
[208.897s] [ 64%] [32mBuilding CXX object src/gazeboserver/CMakeFiles/GazeboCoSimServer.dir/gazebomsghandler/SubscribeLaserMsgHandler.cpp.o[0m
[214.922s] [ 66%] [32mBuilding CXX object src/gazeboserver/CMakeFiles/GazeboCoSimServer.dir/gazebomsghandler/SubscribeMsgHandler.cpp.o[0m
[221.161s] [ 67%] [32mBuilding CXX object src/gazeboserver/CMakeFiles/GazeboCoSimServer.dir/gazebosensors/GazeboCameraSensor.cpp.o[0m
[229.170s] [ 69%] [32mBuilding CXX object src/gazeboserver/CMakeFiles/GazeboCoSimServer.dir/gazebosensors/GazeboIMUSensor.cpp.o[0m
[237.198s] [ 71%] [32mBuilding CXX object src/gazeboserver/CMakeFiles/GazeboCoSimServer.dir/gazebosensors/GazeboLaserSensor.cpp.o[0m
[245.186s] [ 73%] [32mBuilding CXX object src/gazeboserver/CMakeFiles/GazeboCoSimServer.dir/gazebosensors/GazeboSensorSubscriber.cpp.o[0m
[251.782s] [ 75%] [32mBuilding CXX object src/gazeboserver/CMakeFiles/GazeboCoSimServer.dir/gazebosensors/SensorContainer.cpp.o[0m
[257.777s] [ 76%] [32m[1mLinking CXX shared library ../../../../export/lib/libGazeboCoSimServer.so[0m
[258.134s] [ 85%] Built target GazeboCoSimServer
[258.150s] [ 87%] [32m[1mLinking CXX shared library ../../../../export/lib/libGazeboCoSimCustom.so[0m
[258.254s] [ 96%] Built target GazeboCoSimCustom
[258.265s] [ 98%] [32mBuilding CXX object src/gazeboplugin/CMakeFiles/GazeboCoSimPlugin.dir/GazeboPlugin.cpp.o[0m
[268.184s] [100%] [32m[1mLinking CXX shared library ../../../../export/lib/libGazeboCoSimPlugin.so[0m
[268.305s] [100%] Built target GazeboCoSimPlugin
[268.311s] Invoked command in '/home/acer/Desktop/Projects/matlab/gzmtsim/GazeboPlugin/build/gazebo_plugin_for_simulink' returned '0': /usr/bin/cmake --build /home/acer/Desktop/Projects/matlab/gzmtsim/GazeboPlugin/build/gazebo_plugin_for_simulink
[268.328s] Invoking command in '/home/acer/Desktop/Projects/matlab/gzmtsim/GazeboPlugin/build/gazebo_plugin_for_simulink': /usr/bin/cmake --install /home/acer/Desktop/Projects/matlab/gzmtsim/GazeboPlugin/build/gazebo_plugin_for_simulink
[268.332s] -- Install configuration: ""
[268.335s] Invoked command in '/home/acer/Desktop/Projects/matlab/gzmtsim/GazeboPlugin/build/gazebo_plugin_for_simulink' returned '0': /usr/bin/cmake --install /home/acer/Desktop/Projects/matlab/gzmtsim/GazeboPlugin/build/gazebo_plugin_for_simulink
