[0mCMake Deprecation Warning at CMakeLists.txt:6 (cmake_minimum_required):
  Compatibility with CMake < 2.8.12 will be removed from a future version of
  CMake.

  Update the VERSION argument <min> value or use a ...<max> suffix to tell
  CMake that the project does not need compatibility with older versions.

[0m
-- The C compiler identification is GNU 11.3.0
-- The CXX compiler identification is GNU 11.3.0
-- Detecting C compiler ABI info
-- Detecting C compiler ABI info - done
-- Check for working C compiler: /usr/bin/cc - skipped
-- Detecting C compile features
-- Detecting C compile features - done
-- Detecting CXX compiler ABI info
-- Detecting CXX compiler ABI info - done
-- Check for working CXX compiler: /usr/bin/c++ - skipped
-- Detecting CXX compile features
-- Detecting CXX compile features - done
-- Performing Test COMPILER_SUPPORTS_CXX17
-- Performing Test COMPILER_SUPPORTS_CXX17 - Success
-- Performing Test COMPILER_SUPPORTS_CXX0X
-- Performing Test COMPILER_SUPPORTS_CXX0X - Success
-- Using flag -std=c++17.
-- Found Boost: /usr/lib/x86_64-linux-gnu/cmake/Boost-1.74.0/BoostConfig.cmake (found suitable version "1.74.0", minimum required is "1.58.0") found components: date_time 
[33mCMake Warning (dev) at /usr/share/cmake-3.22/Modules/FindPackageHandleStandardArgs.cmake:438 (message):
  The package name passed to `find_package_handle_standard_args` (PkgConfig)
  does not match the name of the calling package (gazebo).  This can lead to
  problems in calling code that expects `find_package` result variables
  (e.g., `_FOUND`) to follow a certain pattern.
Call Stack (most recent call first):
  /usr/share/cmake-3.22/Modules/FindPkgConfig.cmake:99 (find_package_handle_standard_args)
  /usr/lib/x86_64-linux-gnu/cmake/gazebo/gazebo-config.cmake:72 (include)
  CMakeLists.txt:41 (find_package)
This warning is for project developers.  Use -Wno-dev to suppress it.
[0m
-- Found PkgConfig: /usr/bin/pkg-config (found version "0.29.2") 
-- Checking for module 'bullet>=2.82'
--   Found bullet, version 3.05
-- Found fcl: /usr/include (found suitable version "0.7.0", minimum required is "0.5.0") 
-- Found assimp: /usr/include (found version "5.2.0") 
-- Found DART: /usr/include (Required is at least version "6.6") found components: dart 
-- Found Boost: /usr/lib/x86_64-linux-gnu/cmake/Boost-1.74.0/BoostConfig.cmake (found suitable version "1.74.0", minimum required is "1.40.0") found components: thread system filesystem program_options regex iostreams date_time 
-- Found Protobuf: /usr/lib/x86_64-linux-gnu/libprotobuf.so (found version "3.12.4") 
-- Looking for ignition-math6 -- found version 6.12.0
-- Searching for dependencies of ignition-math6
-- Looking for OGRE...
-- OGRE_PREFIX_WATCH changed.
-- Checking for module 'OGRE'
--   Found OGRE, version 1.9.0
-- Found Ogre Ghadamon (1.9.0)
-- Found OGRE: optimized;/usr/lib/x86_64-linux-gnu/libOgreMain.so;debug;/usr/lib/x86_64-linux-gnu/libOgreMain.so
-- Looking for OGRE_Paging...
-- Found OGRE_Paging: optimized;/usr/lib/x86_64-linux-gnu/libOgrePaging.so;debug;/usr/lib/x86_64-linux-gnu/libOgrePaging.so
-- Looking for OGRE_Terrain...
-- Found OGRE_Terrain: optimized;/usr/lib/x86_64-linux-gnu/libOgreTerrain.so;debug;/usr/lib/x86_64-linux-gnu/libOgreTerrain.so
-- Looking for OGRE_Property...
-- Found OGRE_Property: optimized;/usr/lib/x86_64-linux-gnu/libOgreProperty.so;debug;/usr/lib/x86_64-linux-gnu/libOgreProperty.so
-- Looking for OGRE_RTShaderSystem...
-- Found OGRE_RTShaderSystem: optimized;/usr/lib/x86_64-linux-gnu/libOgreRTShaderSystem.so;debug;/usr/lib/x86_64-linux-gnu/libOgreRTShaderSystem.so
-- Looking for OGRE_Volume...
-- Found OGRE_Volume: optimized;/usr/lib/x86_64-linux-gnu/libOgreVolume.so;debug;/usr/lib/x86_64-linux-gnu/libOgreVolume.so
-- Looking for OGRE_Overlay...
-- Found OGRE_Overlay: optimized;/usr/lib/x86_64-linux-gnu/libOgreOverlay.so;debug;/usr/lib/x86_64-linux-gnu/libOgreOverlay.so
-- Looking for ignition-math6 -- found version 6.12.0
-- Looking for ignition-transport8 -- found version 8.2.1
-- Searching for dependencies of ignition-transport8
-- Found Protobuf: /usr/lib/x86_64-linux-gnu/libprotobuf.so (found suitable version "3.12.4", minimum required is "3") 
-- Config-file not installed for ZeroMQ -- checking for pkg-config
-- Checking for module 'libzmq >= 4'
--   Found libzmq , version 4.3.4
-- Found ZeroMQ: TRUE (Required is at least version "4") 
-- Checking for module 'uuid'
--   Found uuid, version 2.37.2
-- Found UUID: TRUE  
-- Looking for ignition-msgs5 -- found version 5.8.1
-- Searching for dependencies of ignition-msgs5
-- Looking for ignition-math6 -- found version 6.12.0
-- Checking for module 'tinyxml2'
--   Found tinyxml2, version 9.0.0
-- Looking for ignition-msgs5 -- found version 5.8.1
-- Looking for ignition-common3 -- found version 3.14.0
-- Searching for dependencies of ignition-common3
-- Looking for dlfcn.h - found
-- Looking for libdl - found
-- Found DL: TRUE  
-- Found tinyobjloader: /usr/lib/x86_64-linux-gnu/cmake/tinyobjloader/tinyobjloader-config.cmake (found version "2.0.0") 
-- Searching for <ignition-common3> component [graphics]
-- Looking for ignition-common3-graphics -- found version 3.14.0
-- Searching for dependencies of ignition-common3-graphics
-- Looking for ignition-math6 -- found version 6.12.0
-- Looking for ignition-fuel_tools4 -- found version 4.4.0
-- Searching for dependencies of ignition-fuel_tools4
-- Found CURL: /usr/lib/x86_64-linux-gnu/libcurl.so (found version "7.81.0")  
-- Checking for module 'jsoncpp'
--   Found jsoncpp, version 1.9.5
-- Found JSONCPP: TRUE  
-- Checking for module 'libzip'
--   Found libzip, version 1.7.3
-- Found ZIP: TRUE  
-- Looking for ignition-common3 -- found version 3.14.0
-- Looking for ignition-math6 -- found version 6.12.0
-- Looking for ignition-msgs5 -- found version 5.8.1
-- Found Gazebo 11.10: major version is 11
[0m Building ... /home/acer/Desktop/Projects/matlab/gzmtsim/GazeboPlugin/msgsproto/mw.internal.robotics.gazebotransport.CoSimMsgs.proto[0m
[0m Building ... /home/acer/Desktop/Projects/matlab/gzmtsim/GazeboPlugin/msgsproto/mw.internal.robotics.gazebotransport.TestMsgs.proto[0m
-- Configuring done
-- Generating done
-- Build files have been written to: /home/acer/Desktop/Projects/matlab/gzmtsim/GazeboPlugin/build/gazebo_plugin_for_simulink
[  1%] [32mBuilding CXX object src/gazebocustom/CMakeFiles/GazeboCoSimCustom.dir/gazebocustommsghandler/InitSubscribeCustomMsgHandler.cpp.o[0m
[  3%] [32mBuilding CXX object src/gazebocustom/CMakeFiles/GazeboCoSimCustom.dir/CustomMsgDispatcher.cpp.o[0m
[  5%] [32mBuilding CXX object src/gazeboplugin/CMakeFiles/GazeboCoSimPlugin.dir/GazeboPlugin.cpp.o[0m
[  8%] [32mBuilding CXX object src/gazebocustom/CMakeFiles/GazeboCoSimCustom.dir/gazebocustommsghandler/InitPublishCustomMsgHandler.cpp.o[0m
[  8%] [32mBuilding CXX object src/transport/CMakeFiles/GazeboCoSimTransport.dir/Connection.cpp.o[0m
[ 10%] [32mBuilding CXX object src/transport/CMakeFiles/GazeboCoSimTransport.dir/Client.cpp.o[0m
[ 12%] [32mBuilding CXX object src/gazeboserver/CMakeFiles/GazeboCoSimServer.dir/GazeboServer.cpp.o[0m
[ 14%] [32mBuilding CXX object msgsproto/CMakeFiles/msgproto.dir/mw.internal.robotics.gazebotransport.CoSimMsgs.pb.cc.o[0m
[ 16%] [32mBuilding CXX object src/gazebocustom/CMakeFiles/GazeboCoSimCustom.dir/gazebocustommsghandler/PublishCustomMsgHandler.cpp.o[0m
[ 17%] [32mBuilding CXX object msgsproto/CMakeFiles/msgproto.dir/mw.internal.robotics.gazebotransport.TestMsgs.pb.cc.o[0m
[ 19%] [32mBuilding CXX object src/gazebocustom/CMakeFiles/GazeboCoSimCustom.dir/gazebocustommsghandler/SubscribeCustomMsgHandler.cpp.o[0m
[ 21%] [32mBuilding CXX object src/transport/CMakeFiles/GazeboCoSimTransport.dir/ConnectionManager.cpp.o[0m
[ 23%] [32m[1mLinking CXX shared library ../../../../export/lib/libGazeboCoSimCustom.so[0m
[ 23%] Built target GazeboCoSimCustom
[ 25%] [32mBuilding CXX object src/transport/CMakeFiles/GazeboCoSimTransport.dir/Server.cpp.o[0m
[ 26%] [32mBuilding CXX object src/gazeboserver/CMakeFiles/GazeboCoSimServer.dir/GazeboServerCallback.cpp.o[0m
[ 28%] [32mBuilding CXX object src/transport/CMakeFiles/GazeboCoSimTransport.dir/readWithTimeout.cpp.o[0m
[ 30%] [32mBuilding CXX object src/gazeboserver/CMakeFiles/GazeboCoSimServer.dir/GazeboWorldImpl.cpp.o[0m
[ 32%] [32mBuilding CXX object src/gazeboserver/CMakeFiles/GazeboCoSimServer.dir/MsgDispatcher.cpp.o[0m
[ 33%] [32mBuilding CXX object src/gazeboserver/CMakeFiles/GazeboCoSimServer.dir/RequestCoSimulationHandler.cpp.o[0m
[ 35%] [32mBuilding CXX object src/gazeboserver/CMakeFiles/GazeboCoSimServer.dir/StopCoSimulationHandler.cpp.o[0m
[ 37%] [32mBuilding CXX object src/gazeboserver/CMakeFiles/GazeboCoSimServer.dir/gazeboapply/GazeboApplyCommander.cpp.o[0m
[ 39%] [32mBuilding CXX object src/gazeboserver/CMakeFiles/GazeboCoSimServer.dir/gazebomlsupport/GazeboMLUtils.cpp.o[0m
[ 41%] [32mBuilding CXX object src/gazeboserver/CMakeFiles/GazeboCoSimServer.dir/gazebomsghandler/ApplyJointTorqueMsgHandler.cpp.o[0m
[ 42%] [32mBuilding CXX object src/gazeboserver/CMakeFiles/GazeboCoSimServer.dir/gazebomsghandler/ApplyLinkWrenchMsgHandler.cpp.o[0m
[ 44%] [32m[1mLinking CXX shared library ../../../../export/lib/libGazeboCoSimTransport.so[0m
[ 44%] Built target GazeboCoSimTransport
[ 46%] [32mBuilding CXX object src/gazeboserver/CMakeFiles/GazeboCoSimServer.dir/gazebomsghandler/GetGazeboModelParamMsgHandler.cpp.o[0m
[ 48%] [32m[1mLinking CXX shared library ../../../export/lib/libmsgproto.so[0m
[ 48%] Built target msgproto
